<?xml version="1.0" encoding="UTF-8" ?>
<testsuite tests="5" failures="0" name="ModelTest.MatchTest" time="0" errors="0" skipped="0">
  <properties>
[...]
</properties>
  <testcase classname="ModelTest.MatchTest" name="testPlayers_InsertAndRemove_isInsertedIsRemoved" time="0"/>
  <testcase classname="ModelTest.MatchTest" name="testMoveWorker_MoveFromFirstPosition_True" time="0"/>
  <testcase classname="ModelTest.MatchTest" name="testBuild_BuildEverwhere_isBuildingAndisDomeInLevel3" time="0"/>
  <testcase classname="ModelTest.MatchTest" name="testInitWorker_CorrectIn_CorrectOut" time="0"/>
  <testcase classname="ModelTest.MatchTest" name="testBuildInvisible_BuildOneCell_CorrectOutput" time="0"/>
</testsuite>